<?xml version="1.0" encoding="UTF-8"?>
<!-- Generated by org.testng.reporters.JUnitReportReporter -->
<testsuite hostname="IND-CHN-LT11157" failures="0" tests="2" name="tests.RegisterCartTest" time="54.543" errors="0" timestamp="2022-06-14T14:41:09 IST" skipped="0">
  <testcase classname="tests.RegisterCartTest" name="CreateAccountTest" time="17.959"/>
  <system-out/>
  <testcase classname="tests.RegisterCartTest" name="AddProductToCart" time="36.584"/>
  <system-out/>
</testsuite> <!-- tests.RegisterCartTest -->
