<?xml version="1.0" encoding="UTF-8"?>
<!-- Generated by org.testng.reporters.JUnitReportReporter -->
<testsuite hostname="IND-CHN-LT11157" failures="0" tests="1" name="tests.LoginVWOTest" time="7.881" errors="0" timestamp="2022-06-10T12:10:54 IST" skipped="0">
  <testcase classname="tests.LoginVWOTest" name="loginTest" time="7.881"/>
  <system-out/>
</testsuite> <!-- tests.LoginVWOTest -->
