<?xml version="1.0" encoding="UTF-8"?>
<!-- Generated by org.testng.reporters.JUnitReportReporter -->
<testsuite hostname="IND-CHN-LT11157" failures="0" tests="2" name="tests.RegisterCartTest" time="33.490" errors="0" timestamp="2022-06-14T09:51:56 IST" skipped="0">
  <testcase classname="tests.RegisterCartTest" name="CreateAccountTest" time="10.133"/>
  <system-out/>
  <testcase classname="tests.RegisterCartTest" name="AddProductToCart" time="23.357"/>
  <system-out/>
</testsuite> <!-- tests.RegisterCartTest -->
