<?xml version="1.0" encoding="UTF-8"?>
<!-- Generated by org.testng.reporters.JUnitReportReporter -->
<testsuite hostname="IND-CHN-LT11157" failures="0" tests="1" name="tests.RegisterCart" time="0.979" errors="0" timestamp="2022-06-10T16:37:18 IST" skipped="0">
  <testcase classname="tests.RegisterCart" name="loginTest" time="0.979"/>
  <system-out/>
</testsuite> <!-- tests.RegisterCart -->
